<?xml version="1.0" encoding="UTF-8"?>
<!-- Generated by org.testng.reporters.JUnitReportReporter -->
<testsuite skipped="0" hostname="LAPTOP-QVPJ1LO7" name="com.gmail.testcases.Login" tests="1" failures="0" timestamp="10 Mar 2021 15:45:22 GMT" time="9.907" errors="0">
  <testcase name="loginPage" time="9.907" classname="com.gmail.testcases.Login"/>
</testsuite> <!-- com.gmail.testcases.Login -->
