<?xml version="1.0" encoding="UTF-8"?>
<!-- Generated by org.testng.reporters.JUnitReportReporter -->
<testsuite skipped="0" hostname="LAPTOP-QVPJ1LO7" name="com.gmail.testcases.Registration" tests="1" failures="0" timestamp="10 Mar 2021 17:46:03 GMT" time="6.814" errors="0">
  <testcase name="registration" time="6.814" classname="com.gmail.testcases.Registration"/>
</testsuite> <!-- com.gmail.testcases.Registration -->
