<?xml version="1.0" encoding="UTF-8"?>
<!-- Generated by org.testng.reporters.JUnitReportReporter -->
<testsuite skipped="0" hostname="LAPTOP-QVPJ1LO7" name="com.gmail.testcases.Login" tests="1" failures="0" timestamp="10 Mar 2021 17:46:03 GMT" time="10.322" errors="0">
  <testcase name="loginPage" time="10.322" classname="com.gmail.testcases.Login"/>
</testsuite> <!-- com.gmail.testcases.Login -->
